<?xml version="1.0" encoding="UTF-8"?>
<!-- Generated by org.testng.reporters.JUnitReportReporter -->
<testsuite hostname="DESKTOP-4NEHES3" failures="0" tests="2" name="com.PSC.framework.runner.TowersRunner" time="110.805" errors="0" timestamp="29 Jul 2022 12:18:50 GMT">
  <testcase classname="com.PSC.framework.runner.TowersRunner" name="runScenario" time="42.761"/>
  <testcase classname="com.PSC.framework.runner.TowersRunner" name="runScenario" time="68.044"/>
</testsuite> <!-- com.PSC.framework.runner.TowersRunner -->
