<?xml version="1.0" encoding="UTF-8"?>
<!-- Generated by org.testng.reporters.JUnitReportReporter -->
<testsuite hostname="DESKTOP-4NEHES3" failures="0" tests="1" name="com.PSC.framework.runner.ToolsValidationRunner" time="77.889" errors="0" timestamp="17 Aug 2022 12:12:30 GMT">
  <testcase classname="com.PSC.framework.runner.ToolsValidationRunner" name="runScenario" time="77.889"/>
</testsuite> <!-- com.PSC.framework.runner.ToolsValidationRunner -->
