<?xml version="1.0" encoding="UTF-8"?>
<!-- Generated by org.testng.reporters.JUnitReportReporter -->
<testsuite hostname="DESKTOP-4NEHES3" failures="0" tests="1" name="com.PSC.framework.runner.CompleteFlowRunner" time="113.368" errors="0" timestamp="11 Jul 2022 14:26:19 GMT">
  <testcase classname="com.PSC.framework.runner.CompleteFlowRunner" name="runScenario" time="113.368"/>
</testsuite> <!-- com.PSC.framework.runner.CompleteFlowRunner -->
