<?xml version="1.0" encoding="UTF-8"?>
<!-- Generated by org.testng.reporters.JUnitReportReporter -->
<testsuite hostname="DESKTOP-4NEHES3" failures="0" tests="2" name="com.PSC.framework.runner.PostRunner" time="213.168" errors="0" timestamp="15 Jul 2022 12:22:22 GMT">
  <testcase classname="com.PSC.framework.runner.PostRunner" name="runScenario" time="91.902"/>
  <testcase classname="com.PSC.framework.runner.PostRunner" name="runScenario" time="121.266"/>
</testsuite> <!-- com.PSC.framework.runner.PostRunner -->
