<?xml version="1.0" encoding="UTF-8"?>
<!-- Generated by org.testng.reporters.JUnitReportReporter -->
<testsuite hostname="DESKTOP-8TF2HVC" failures="0" tests="1" name="com.PSC.framework.runner.AmazonRunner" time="40.697" errors="0" timestamp="31 Jan 2023 08:51:39 GMT">
  <testcase classname="com.PSC.framework.runner.AmazonRunner" name="runScenario" time="40.697"/>
</testsuite> <!-- com.PSC.framework.runner.AmazonRunner -->
