<?xml version="1.0" encoding="UTF-8"?>
<!-- Generated by org.testng.reporters.JUnitReportReporter -->
<testsuite hostname="DESKTOP-4NEHES3" failures="0" tests="2" name="com.PSC.framework.runner.SecurityRunner" time="140.915" errors="0" timestamp="4 Aug 2022 12:26:04 GMT">
  <testcase classname="com.PSC.framework.runner.SecurityRunner" name="runScenario" time="83.130"/>
  <testcase classname="com.PSC.framework.runner.SecurityRunner" name="runScenario" time="57.785"/>
</testsuite> <!-- com.PSC.framework.runner.SecurityRunner -->
