<?xml version="1.0" encoding="UTF-8"?>
<!-- Generated by org.testng.reporters.JUnitReportReporter -->
<testsuite hostname="DESKTOP-4NEHES3" failures="0" tests="1" name="com.PSC.framework.runner.InvalidLoginRunner" time="43.744" errors="0" timestamp="11 Jul 2022 11:31:00 GMT">
  <testcase classname="com.PSC.framework.runner.InvalidLoginRunner" name="runScenario" time="43.744"/>
</testsuite> <!-- com.PSC.framework.runner.InvalidLoginRunner -->
