<?xml version="1.0" encoding="UTF-8"?>
<!-- Generated by org.testng.reporters.JUnitReportReporter -->
<testsuite hostname="DESKTOP-8TF2HVC" failures="0" tests="2" name="com.PSC.framework.runner.AmazonPageRunner" time="124.738" errors="0" timestamp="2 Feb 2023 12:56:15 GMT">
  <testcase classname="com.PSC.framework.runner.AmazonPageRunner" name="runScenario" time="81.806"/>
  <testcase classname="com.PSC.framework.runner.AmazonPageRunner" name="runScenario" time="42.932"/>
</testsuite> <!-- com.PSC.framework.runner.AmazonPageRunner -->
