<?xml version="1.0" encoding="UTF-8"?>
<!-- Generated by org.testng.reporters.JUnitReportReporter -->
<testsuite hostname="DESKTOP-4NEHES3" failures="0" tests="1" name="com.PSC.framework.runner.SocietyRunner" time="1182.385" errors="0" timestamp="14 Jul 2022 06:49:18 GMT">
  <testcase classname="com.PSC.framework.runner.SocietyRunner" name="runScenario" time="1182.385"/>
</testsuite> <!-- com.PSC.framework.runner.SocietyRunner -->
