<?xml version="1.0" encoding="UTF-8"?>
<!-- Generated by org.testng.reporters.JUnitReportReporter -->
<testsuite hostname="DESKTOP-4NEHES3" failures="0" tests="1" name="com.PSC.framework.runner.CommunityRunner" time="164.722" errors="0" timestamp="22 Jul 2022 07:52:06 GMT">
  <testcase classname="com.PSC.framework.runner.CommunityRunner" name="runScenario" time="164.722"/>
</testsuite> <!-- com.PSC.framework.runner.CommunityRunner -->
